Arguments: 
  /usr/local/bin/node /usr/local/Cellar/yarn/1.12.3/libexec/bin/yarn.js ganache

PATH: 
  /Library/Frameworks/Python.framework/Versions/3.7/bin:/usr/local/bin:/usr/bin:/bin:/usr/sbin:/sbin:/Library/TeX/texbin

Yarn version: 
  1.12.3

Node version: 
  10.13.0

Platform: 
  darwin x64

Trace: 
  SyntaxError: /Users/Achill/Projects/convergent/arena/package.json: Unexpected number in JSON at position 228
      at JSON.parse (<anonymous>)
      at /usr/local/Cellar/yarn/1.12.3/libexec/lib/cli.js:1631:59
      at Generator.next (<anonymous>)
      at step (/usr/local/Cellar/yarn/1.12.3/libexec/lib/cli.js:304:30)
      at /usr/local/Cellar/yarn/1.12.3/libexec/lib/cli.js:315:13

npm manifest: 
  {
    "name": "arena",
    "version": "0.0.1",
    "description": "Personal economy platform.",
    "main": "truffle.js",
    "scripts": {
      "deploy": "truffle compile && truffle migrate --reset",
      "ganache": "ganache-cli --account="0x8ca64cb3d877a1d04badfa0292fc208f16379cb103d4b65a5a626b579ae054e3,100"",
      "test": "echo \"Error: no test specified\" && exit 1"
    },
    "repository": {
      "type": "git",
      "url": "git+https://github.com/convergentcx/Arena.git"
    },
    "keywords": [
      "ethereum",
      "tokens"
    ],
    "author": "convergentcx",
    "license": "ISC",
    "bugs": {
      "url": "https://github.com/convergentcx/Arena/issues"
    },
    "homepage": "https://github.com/convergentcx/Arena#readme",
    "dependencies": {
      "ganache-cli": "6.1.8",
      "openzeppelin-solidity": "1.12.0"
    }
  }

yarn manifest: 
  No manifest

Lockfile: 
  # THIS IS AN AUTOGENERATED FILE. DO NOT EDIT THIS FILE DIRECTLY.
  # yarn lockfile v1
  
  
  buffer-from@^1.0.0:
    version "1.1.1"
    resolved "https://registry.yarnpkg.com/buffer-from/-/buffer-from-1.1.1.tgz#32713bc028f75c02fdb710d7c7bcec1f2c6070ef"
    integrity sha512-MQcXEUbCKtEo7bhqEs6560Hyd4XaovZlO/k9V3hjVUF/zwW7KBVdSK4gIt/bzwS9MbR5qob+F5jusZsb0YQK2A==
  
  ganache-cli@6.1.8:
    version "6.1.8"
    resolved "https://registry.yarnpkg.com/ganache-cli/-/ganache-cli-6.1.8.tgz#49a8a331683a9652183f82ef1378d17e1814fcd3"
    integrity sha512-yXzteu4SIgUL31mnpm9j+x6dpHUw0p/nsRVkcySKq0w+1vDxH9jMErP1QhZAJuTVE6ni4nfvGSNkaQx5cD3jfg==
    dependencies:
      source-map-support "^0.5.3"
  
  openzeppelin-solidity@1.12.0:
    version "1.12.0"
    resolved "https://registry.yarnpkg.com/openzeppelin-solidity/-/openzeppelin-solidity-1.12.0.tgz#7b9c55975e73370d4541e3442b30cb3d91ac973a"
    integrity sha512-WlorzMXIIurugiSdw121RVD5qA3EfSI7GybTn+/Du0mPNgairjt29NpVTAaH8eLjAeAwlw46y7uQKy0NYem/gA==
  
  source-map-support@^0.5.3:
    version "0.5.9"
    resolved "https://registry.yarnpkg.com/source-map-support/-/source-map-support-0.5.9.tgz#41bc953b2534267ea2d605bccfa7bfa3111ced5f"
    integrity sha512-gR6Rw4MvUlYy83vP0vxoVNzM6t8MUXqNuRsuBmBHQDu1Fh6X015FrLdgoDKcNdkwGubozq0P4N0Q37UyFVr1EA==
    dependencies:
      buffer-from "^1.0.0"
      source-map "^0.6.0"
  
  source-map@^0.6.0:
    version "0.6.1"
    resolved "https://registry.yarnpkg.com/source-map/-/source-map-0.6.1.tgz#74722af32e9614e9c287a8d0bbde48b5e2f1a263"
    integrity sha512-UjgapumWlbMhkBgzT7Ykc5YXUT46F0iKu8SGXq0bcwP5dz/h0Plj6enJqjz1Zbq2l5WaqYnrVbwWOWMyF3F47g==
